LoveCode/app/build/outputs/logs/manifest-merger-debug-report.txt
-- Merging decision tree log ---
manifest
ADDED from src/main/AndroidManifest.xml:2:1-25:12
	xmlns:android
		ADDED from src/main/AndroidManifest.xml:2:11-69
	package
		ADDED from src/main/AndroidManifest.xml:3:5-42
		INJECTED from src/main/AndroidManifest.xml
		INJECTED from src/main/AndroidManifest.xml
	android:versionName
		INJECTED from src/main/AndroidManifest.xml
		INJECTED from src/main/AndroidManifest.xml
	android:versionCode
		INJECTED from src/main/AndroidManifest.xml
		INJECTED from src/main/AndroidManifest.xml
uses-permission#android.permission.INTERNET
ADDED from src/main/AndroidManifest.xml:5:5-67
	android:name
		ADDED from src/main/AndroidManifest.xml:5:22-64
application
ADDED from src/main/AndroidManifest.xml:7:5-23:19
MERGED from [com.journeyapps:zxing-android-embedded:3.3.0] AndroidManifest.xml:45:5-53:19
MERGED from [com.android.support:appcompat-v7:24.0.0-alpha1] AndroidManifest.xml:25:5-20
MERGED from [com.android.support:support-vector-drawable:24.0.0-alpha1] AndroidManifest.xml:23:5-20
MERGED from [com.android.support:support-v4:24.0.0-alpha1] AndroidManifest.xml:22:5-20
MERGED from [com.android.support:animated-vector-drawable:24.0.0-alpha1] AndroidManifest.xml:22:5-20
MERGED from [com.android.support:support-vector-drawable:24.0.0-alpha1] AndroidManifest.xml:23:5-20
MERGED from [com.android.support:support-v4:24.0.0-alpha1] AndroidManifest.xml:22:5-20
MERGED from [com.android.support:support-v4:24.0.0-alpha1] AndroidManifest.xml:22:5-20
MERGED from [com.android.support:design:24.0.0-alpha1] AndroidManifest.xml:22:5-20
MERGED from [com.android.support:support-v4:24.0.0-alpha1] AndroidManifest.xml:22:5-20
MERGED from [com.android.support:appcompat-v7:24.0.0-alpha1] AndroidManifest.xml:25:5-20
MERGED from [com.android.support:support-vector-drawable:24.0.0-alpha1] AndroidManifest.xml:23:5-20
MERGED from [com.android.support:support-v4:24.0.0-alpha1] AndroidManifest.xml:22:5-20
MERGED from [com.android.support:animated-vector-drawable:24.0.0-alpha1] AndroidManifest.xml:22:5-20
MERGED from [com.android.support:support-vector-drawable:24.0.0-alpha1] AndroidManifest.xml:23:5-20
MERGED from [com.android.support:support-v4:24.0.0-alpha1] AndroidManifest.xml:22:5-20
MERGED from [com.android.support:support-v4:24.0.0-alpha1] AndroidManifest.xml:22:5-20
MERGED from [com.android.support:support-v4:24.0.0-alpha1] AndroidManifest.xml:22:5-20
	android:supportsRtl
		ADDED from src/main/AndroidManifest.xml:11:9-35
	android:label
		ADDED from src/main/AndroidManifest.xml:10:9-41
	android:allowBackup
		ADDED from src/main/AndroidManifest.xml:8:9-35
	android:icon
		ADDED from src/main/AndroidManifest.xml:9:9-43
	android:theme
		ADDED from src/main/AndroidManifest.xml:12:9-40
activity#com.example.chiayi.lovecode.MainActivity
ADDED from src/main/AndroidManifest.xml:13:9-22:20
	android:label
		ADDED from src/main/AndroidManifest.xml:15:13-45
	android:theme
		ADDED from src/main/AndroidManifest.xml:16:13-56
	android:name
		ADDED from src/main/AndroidManifest.xml:14:13-41
intent-filter#android.intent.action.MAIN+android.intent.category.LAUNCHER
ADDED from src/main/AndroidManifest.xml:17:13-21:29
action#android.intent.action.MAIN
ADDED from src/main/AndroidManifest.xml:18:17-69
	android:name
		ADDED from src/main/AndroidManifest.xml:18:25-66
category#android.intent.category.LAUNCHER
ADDED from src/main/AndroidManifest.xml:20:17-77
	android:name
		ADDED from src/main/AndroidManifest.xml:20:27-74
uses-sdk
INJECTED from src/main/AndroidManifest.xml reason: use-sdk injection requested
MERGED from [com.journeyapps:zxing-android-embedded:3.3.0] AndroidManifest.xml:19:5-43
MERGED from [com.android.support:appcompat-v7:24.0.0-alpha1] AndroidManifest.xml:21:5-23:78
MERGED from [com.android.support:support-vector-drawable:24.0.0-alpha1] AndroidManifest.xml:21:5-43
MERGED from [com.android.support:support-v4:24.0.0-alpha1] AndroidManifest.xml:20:5-43
MERGED from [com.android.support:animated-vector-drawable:24.0.0-alpha1] AndroidManifest.xml:20:5-44
MERGED from [com.android.support:support-vector-drawable:24.0.0-alpha1] AndroidManifest.xml:21:5-43
MERGED from [com.android.support:support-v4:24.0.0-alpha1] AndroidManifest.xml:20:5-43
MERGED from [com.android.support:support-v4:24.0.0-alpha1] AndroidManifest.xml:20:5-43
MERGED from [com.android.support:design:24.0.0-alpha1] AndroidManifest.xml:20:5-43
MERGED from [com.android.support:recyclerview-v7:24.0.0-alpha1] AndroidManifest.xml:20:5-43
MERGED from [com.android.support:support-v4:24.0.0-alpha1] AndroidManifest.xml:20:5-43
MERGED from [com.android.support:appcompat-v7:24.0.0-alpha1] AndroidManifest.xml:21:5-23:78
MERGED from [com.android.support:support-vector-drawable:24.0.0-alpha1] AndroidManifest.xml:21:5-43
MERGED from [com.android.support:support-v4:24.0.0-alpha1] AndroidManifest.xml:20:5-43
MERGED from [com.android.support:animated-vector-drawable:24.0.0-alpha1] AndroidManifest.xml:20:5-44
MERGED from [com.android.support:support-vector-drawable:24.0.0-alpha1] AndroidManifest.xml:21:5-43
MERGED from [com.android.support:support-v4:24.0.0-alpha1] AndroidManifest.xml:20:5-43
MERGED from [com.android.support:support-v4:24.0.0-alpha1] AndroidManifest.xml:20:5-43
MERGED from [com.android.support:support-v4:24.0.0-alpha1] AndroidManifest.xml:20:5-43
	android:targetSdkVersion
		INJECTED from src/main/AndroidManifest.xml
		INJECTED from src/main/AndroidManifest.xml
	android:minSdkVersion
		INJECTED from src/main/AndroidManifest.xml
		INJECTED from src/main/AndroidManifest.xml
	tools:overrideLibrary
		ADDED from [com.android.support:appcompat-v7:24.0.0-alpha1] AndroidManifest.xml:23:9-75
uses-permission#android.permission.CAMERA
ADDED from [com.journeyapps:zxing-android-embedded:3.3.0] AndroidManifest.xml:21:5-65
	android:name
		ADDED from [com.journeyapps:zxing-android-embedded:3.3.0] AndroidManifest.xml:21:22-62
uses-feature#android.hardware.camera
ADDED from [com.journeyapps:zxing-android-embedded:3.3.0] AndroidManifest.xml:24:5-26:36
	android:required
		ADDED from [com.journeyapps:zxing-android-embedded:3.3.0] AndroidManifest.xml:26:9-33
	android:name
		ADDED from [com.journeyapps:zxing-android-embedded:3.3.0] AndroidManifest.xml:25:9-47
uses-feature#android.hardware.camera.front
ADDED from [com.journeyapps:zxing-android-embedded:3.3.0] AndroidManifest.xml:27:5-29:36
	android:required
		ADDED from [com.journeyapps:zxing-android-embedded:3.3.0] AndroidManifest.xml:29:9-33
	android:name
		ADDED from [com.journeyapps:zxing-android-embedded:3.3.0] AndroidManifest.xml:28:9-53
uses-feature#android.hardware.camera.autofocus
ADDED from [com.journeyapps:zxing-android-embedded:3.3.0] AndroidManifest.xml:32:5-34:36
	android:required
		ADDED from [com.journeyapps:zxing-android-embedded:3.3.0] AndroidManifest.xml:34:9-33
	android:name
		ADDED from [com.journeyapps:zxing-android-embedded:3.3.0] AndroidManifest.xml:33:9-57
uses-feature#android.hardware.camera.flash
ADDED from [com.journeyapps:zxing-android-embedded:3.3.0] AndroidManifest.xml:35:5-37:36
	android:required
		ADDED from [com.journeyapps:zxing-android-embedded:3.3.0] AndroidManifest.xml:37:9-33
	android:name
		ADDED from [com.journeyapps:zxing-android-embedded:3.3.0] AndroidManifest.xml:36:9-53
uses-feature#android.hardware.screen.landscape
ADDED from [com.journeyapps:zxing-android-embedded:3.3.0] AndroidManifest.xml:38:5-40:36
	android:required
		ADDED from [com.journeyapps:zxing-android-embedded:3.3.0] AndroidManifest.xml:40:9-33
	android:name
		ADDED from [com.journeyapps:zxing-android-embedded:3.3.0] AndroidManifest.xml:39:9-57
uses-feature#android.hardware.wifi
ADDED from [com.journeyapps:zxing-android-embedded:3.3.0] AndroidManifest.xml:41:5-43:36
	android:required
		ADDED from [com.journeyapps:zxing-android-embedded:3.3.0] AndroidManifest.xml:43:9-33
	android:name
		ADDED from [com.journeyapps:zxing-android-embedded:3.3.0] AndroidManifest.xml:42:9-45
activity#com.journeyapps.barcodescanner.CaptureActivity
ADDED from [com.journeyapps:zxing-android-embedded:3.3.0] AndroidManifest.xml:46:9-52:63
	android:windowSoftInputMode
		ADDED from [com.journeyapps:zxing-android-embedded:3.3.0] AndroidManifest.xml:52:13-60
	android:screenOrientation
		ADDED from [com.journeyapps:zxing-android-embedded:3.3.0] AndroidManifest.xml:49:13-56
	android:theme
		ADDED from [com.journeyapps:zxing-android-embedded:3.3.0] AndroidManifest.xml:51:13-54
	android:stateNotNeeded
		ADDED from [com.journeyapps:zxing-android-embedded:3.3.0] AndroidManifest.xml:50:13-42
	android:clearTaskOnLaunch
		ADDED from [com.journeyapps:zxing-android-embedded:3.3.0] AndroidManifest.xml:48:13-45
	android:name
		ADDED from [com.journeyapps:zxing-android-embedded:3.3.0] AndroidManifest.xml:47:13-74